Flow report for ALU
Wed Jun 14 10:54:42 2023
Quartus Prime Version 21.1.0 Build 842 10/21/2021 SJ Lite Edition


---------------------
; Table of Contents ;
---------------------
  1. Legal Notice
  2. Flow Summary
  3. Flow Settings
  4. Flow Non-Default Global Settings
  5. Flow Elapsed Time
  6. Flow OS Summary
  7. Flow Log
  8. Flow Messages
  9. Flow Suppressed Messages



----------------
; Legal Notice ;
----------------
Copyright (C) 2021  Intel Corporation. All rights reserved.
Your use of Intel Corporation's design tools, logic functions 
and other software and tools, and any partner logic 
functions, and any output files from any of the foregoing 
(including device programming or simulation files), and any 
associated documentation or information are expressly subject 
to the terms and conditions of the Intel Program License 
Subscription Agreement, the Intel Quartus Prime License Agreement,
the Intel FPGA IP License Agreement, or other applicable license
agreement, including, without limitation, that your use is for
the sole purpose of programming logic devices manufactured by
Intel and sold by Intel or its authorized distributors.  Please
refer to the applicable agreement for further details, at
https://fpgasoftware.intel.com/eula.



+-------------------------------------------------------------------------------+
; Flow Summary                                                                  ;
+---------------------------------+---------------------------------------------+
; Flow Status                     ; Successful - Wed Jun 14 10:54:42 2023       ;
; Quartus Prime Version           ; 21.1.0 Build 842 10/21/2021 SJ Lite Edition ;
; Revision Name                   ; ALU                                         ;
; Top-level Entity Name           ; ALU                                         ;
; Family                          ; Cyclone V                                   ;
; Device                          ; 5CSEMA5F31C6                                ;
; Timing Models                   ; Final                                       ;
; Logic utilization (in ALMs)     ; 3,023 / 32,070 ( 9 % )                      ;
; Total registers                 ; 0                                           ;
; Total pins                      ; 0 / 457 ( 0 % )                             ;
; Total virtual pins              ; 101                                         ;
; Total block memory bits         ; 0 / 4,065,280 ( 0 % )                       ;
; Total DSP Blocks                ; 12 / 87 ( 14 % )                            ;
; Total HSSI RX PCSs              ; 0                                           ;
; Total HSSI PMA RX Deserializers ; 0                                           ;
; Total HSSI TX PCSs              ; 0                                           ;
; Total HSSI PMA TX Serializers   ; 0                                           ;
; Total PLLs                      ; 0 / 6 ( 0 % )                               ;
; Total DLLs                      ; 0 / 4 ( 0 % )                               ;
+---------------------------------+---------------------------------------------+


+-----------------------------------------+
; Flow Settings                           ;
+-------------------+---------------------+
; Option            ; Setting             ;
+-------------------+---------------------+
; Start date & time ; 06/14/2023 10:21:46 ;
; Main task         ; Compilation         ;
; Revision Name     ; ALU                 ;
+-------------------+---------------------+


+------------------------------------------------------------------------------------------------------------------------------+
; Flow Non-Default Global Settings                                                                                             ;
+--------------------------------------+----------------------------------------+---------------+-------------+----------------+
; Assignment Name                      ; Value                                  ; Default Value ; Entity Name ; Section Id     ;
+--------------------------------------+----------------------------------------+---------------+-------------+----------------+
; COMPILER_SIGNATURE_ID                ; 220998220338899.168674890536381        ; --            ; --          ; --             ;
; EDA_DESIGN_INSTANCE_NAME             ; NA                                     ; --            ; --          ; ALU_tb         ;
; EDA_NATIVELINK_SIMULATION_TEST_BENCH ; ALU_tb                                 ; --            ; --          ; eda_simulation ;
; EDA_OUTPUT_DATA_FORMAT               ; Verilog Hdl                            ; --            ; --          ; eda_simulation ;
; EDA_SIMULATION_TOOL                  ; Questa Intel FPGA (Verilog)            ; <None>        ; --          ; --             ;
; EDA_TEST_BENCH_ENABLE_STATUS         ; TEST_BENCH_MODE                        ; --            ; --          ; eda_simulation ;
; EDA_TEST_BENCH_FILE                  ; ALU_tb.v                               ; --            ; --          ; ALU_tb         ;
; EDA_TEST_BENCH_MODULE_NAME           ; ALU_tb                                 ; --            ; --          ; ALU_tb         ;
; EDA_TEST_BENCH_NAME                  ; ALU_tb                                 ; --            ; --          ; eda_simulation ;
; EDA_TIME_SCALE                       ; 1 ps                                   ; --            ; --          ; eda_simulation ;
; MAX_CORE_JUNCTION_TEMP               ; 85                                     ; --            ; --          ; --             ;
; MIN_CORE_JUNCTION_TEMP               ; 0                                      ; --            ; --          ; --             ;
; NUM_PARALLEL_PROCESSORS              ; All                                    ; --            ; --          ; --             ;
; PARTITION_COLOR                      ; -- (Not supported for targeted family) ; --            ; --          ; Top            ;
; PARTITION_FITTER_PRESERVATION_LEVEL  ; -- (Not supported for targeted family) ; --            ; --          ; Top            ;
; PARTITION_NETLIST_TYPE               ; -- (Not supported for targeted family) ; --            ; --          ; Top            ;
; POWER_BOARD_THERMAL_MODEL            ; None (CONSERVATIVE)                    ; --            ; --          ; --             ;
; POWER_PRESET_COOLING_SOLUTION        ; 23 MM HEAT SINK WITH 200 LFPM AIRFLOW  ; --            ; --          ; --             ;
; POWER_USE_INPUT_FILES                ; On                                     ; Off           ; --          ; --             ;
; PROJECT_OUTPUT_DIRECTORY             ; output_files                           ; --            ; --          ; --             ;
; SMART_RECOMPILE                      ; On                                     ; Off           ; --          ; --             ;
; VERILOG_INPUT_VERSION                ; SystemVerilog_2005                     ; Verilog_2001  ; --          ; --             ;
; VERILOG_SHOW_LMF_MAPPING_MESSAGES    ; Off                                    ; --            ; --          ; --             ;
+--------------------------------------+----------------------------------------+---------------+-------------+----------------+


+--------------------------------------------------------------------------------------------------------------------------+
; Flow Elapsed Time                                                                                                        ;
+----------------------+--------------+-------------------------+---------------------+------------------------------------+
; Module Name          ; Elapsed Time ; Average Processors Used ; Peak Virtual Memory ; Total CPU Time (on all processors) ;
+----------------------+--------------+-------------------------+---------------------+------------------------------------+
; Analysis & Synthesis ; 00:00:37     ; 1.0                     ; 491 MB              ; 00:00:51                           ;
; Fitter               ; 00:04:02     ; 1.0                     ; 1643 MB             ; 00:05:22                           ;
; Assembler            ; 00:00:19     ; 1.0                     ; 548 MB              ; 00:00:14                           ;
; Timing Analyzer      ; 00:00:57     ; 1.7                     ; 879 MB              ; 00:01:25                           ;
; EDA Netlist Writer   ; 00:00:06     ; 1.0                     ; 786 MB              ; 00:00:05                           ;
; EDA Netlist Writer   ; 00:00:05     ; 1.0                     ; 725 MB              ; 00:00:02                           ;
; EDA Netlist Writer   ; 00:00:05     ; 1.0                     ; 738 MB              ; 00:00:04                           ;
; EDA Netlist Writer   ; 00:00:02     ; 1.0                     ; 723 MB              ; 00:00:02                           ;
; EDA Netlist Writer   ; 00:00:04     ; 1.0                     ; 737 MB              ; 00:00:03                           ;
; Total                ; 00:06:17     ; --                      ; --                  ; 00:08:08                           ;
+----------------------+--------------+-------------------------+---------------------+------------------------------------+


+----------------------------------------------------------------------------------------+
; Flow OS Summary                                                                        ;
+----------------------+------------------+----------------+------------+----------------+
; Module Name          ; Machine Hostname ; OS Name        ; OS Version ; Processor type ;
+----------------------+------------------+----------------+------------+----------------+
; Analysis & Synthesis ; ideapad          ; Ubuntu 22.04.2 ; 22         ; x86_64         ;
; Fitter               ; ideapad          ; Ubuntu 22.04.2 ; 22         ; x86_64         ;
; Assembler            ; ideapad          ; Ubuntu 22.04.2 ; 22         ; x86_64         ;
; Timing Analyzer      ; ideapad          ; Ubuntu 22.04.2 ; 22         ; x86_64         ;
; EDA Netlist Writer   ; ideapad          ; Ubuntu 22.04.2 ; 22         ; x86_64         ;
; EDA Netlist Writer   ; ideapad          ; Ubuntu 22.04.2 ; 22         ; x86_64         ;
; EDA Netlist Writer   ; ideapad          ; Ubuntu 22.04.2 ; 22         ; x86_64         ;
; EDA Netlist Writer   ; ideapad          ; Ubuntu 22.04.2 ; 22         ; x86_64         ;
; EDA Netlist Writer   ; ideapad          ; Ubuntu 22.04.2 ; 22         ; x86_64         ;
+----------------------+------------------+----------------+------------+----------------+


------------
; Flow Log ;
------------
quartus_map --read_settings_files=on --write_settings_files=off ALU -c ALU
quartus_fit --read_settings_files=off --write_settings_files=off ALU -c ALU
quartus_asm --read_settings_files=off --write_settings_files=off ALU -c ALU
quartus_sta ALU -c ALU
quartus_eda --read_settings_files=off --write_settings_files=off ALU -c ALU
quartus_eda --gen_testbench --tool=modelsim_oem --format=verilog --write_settings_files=off ALU -c ALU --vector_source=/home/leorb/UnB/5º_semestre/OAC/Lab/Lab2/ALU_restored/ALU.vwf --testbench_file=/home/leorb/UnB/5º_semestre/OAC/Lab/Lab2/ALU_restored/simulation/qsim/ALU.vwf.vt
quartus_eda --write_settings_files=off --simulation=on --functional=on --flatten_buses=off --tool=modelsim_oem --format=verilog --output_directory=/home/leorb/UnB/5º_semestre/OAC/Lab/Lab2/ALU_restored/simulation/qsim/ ALU -c ALU
quartus_eda --gen_testbench --tool=modelsim_oem --format=verilog --write_settings_files=off ALU -c ALU --vector_source=/home/leorb/UnB/5º_semestre/OAC/Lab/Lab2/ALU_restored/ALU.vwf --testbench_file=/home/leorb/UnB/5º_semestre/OAC/Lab/Lab2/ALU_restored/simulation/modelsim/ALU.vwf.vt
quartus_eda --write_settings_files=off --simulation=on --functional=on --flatten_buses=off --tool=modelsim_oem --format=verilog --output_directory=/home/leorb/UnB/5º_semestre/OAC/Lab/Lab2/ALU_restored/simulation/modelsim/ ALU -c ALU



