MIF/HEX Update report for TopDE
Thu Jul 20 20:03:28 2023
Quartus Prime Version 21.1.0 Build 842 10/21/2021 SJ Lite Edition


---------------------
; Table of Contents ;
---------------------
  1. Legal Notice
  2. MIF/HEX Update Summary
  3. MIF/HEX Update Processed Files
  4. MIF/HEX Update Messages



----------------
; Legal Notice ;
----------------
Copyright (C) 2021  Intel Corporation. All rights reserved.
Your use of Intel Corporation's design tools, logic functions 
and other software and tools, and any partner logic 
functions, and any output files from any of the foregoing 
(including device programming or simulation files), and any 
associated documentation or information are expressly subject 
to the terms and conditions of the Intel Program License 
Subscription Agreement, the Intel Quartus Prime License Agreement,
the Intel FPGA IP License Agreement, or other applicable license
agreement, including, without limitation, that your use is for
the sole purpose of programming logic devices manufactured by
Intel and sold by Intel or its authorized distributors.  Please
refer to the applicable agreement for further details, at
https://fpgasoftware.intel.com/eula.



+---------------------------------------------------------------+
; MIF/HEX Update Summary                                        ;
+-----------------------+---------------------------------------+
; MIF/HEX Update Status ; Successful - Thu Jul 20 20:03:28 2023 ;
; Revision Name         ; TopDE                                 ;
; Top-level Entity Name ; Uniciclo                              ;
; Family                ; Cyclone V                             ;
; Device                ; 5CSEMA5F31C6                          ;
+-----------------------+---------------------------------------+


+--------------------------------------------------------------------------------------+
; MIF/HEX Update Processed Files                                                       ;
+--------------------------------------------------------------------------------------+
; File Name                                                                            ;
+--------------------------------------------------------------------------------------+
; /home/leorb/UnB/5º_semestre/OAC/OAC-lab/Lab5/Pipeline_RV32Red_restored/de1_data.mif ;
; /home/leorb/UnB/5º_semestre/OAC/OAC-lab/Lab5/Pipeline_RV32Red_restored/de1_text.mif ;
+--------------------------------------------------------------------------------------+


+-------------------------+
; MIF/HEX Update Messages ;
+-------------------------+
Info: *******************************************************************
Info: Running Quartus Prime MIF/HEX Update
    Info: Version 21.1.0 Build 842 10/21/2021 SJ Lite Edition
    Info: Processing started: Thu Jul 20 20:03:27 2023
Info: Command: quartus_cdb TopDE -c TopDE --update_mif
Warning (18236): Number of processors has not been specified which may cause overloading on shared machines.  Set the global assignment NUM_PARALLEL_PROCESSORS in your QSF to an appropriate value for best performance.
Warning (113028): 16349 out of 16384 addresses are uninitialized. The Quartus Prime software will initialize them to "0". There are 1 warnings found, and 1 warnings are reported. File: /home/leorb/UnB/5º_semestre/OAC/OAC-lab/Lab5/Pipeline_RV32Red_restored/de1_text.mif Line: 1
    Warning (113027): Addresses ranging from 35 to 16383 are not initialized File: /home/leorb/UnB/5º_semestre/OAC/OAC-lab/Lab5/Pipeline_RV32Red_restored/de1_text.mif Line: 1
Critical Warning (127004): Memory depth (1024) in the design file differs from memory depth (16384) in the Memory Initialization File "/home/leorb/UnB/5º_semestre/OAC/OAC-lab/Lab5/Pipeline_RV32Red_restored/de1_text.mif" -- truncated remaining initial content value to fit RAM
Warning (113028): 31744 out of 32768 addresses are uninitialized. The Quartus Prime software will initialize them to "0". There are 1 warnings found, and 1 warnings are reported. File: /home/leorb/UnB/5º_semestre/OAC/OAC-lab/Lab5/Pipeline_RV32Red_restored/de1_data.mif Line: 1
    Warning (113027): Addresses ranging from 1024 to 32767 are not initialized File: /home/leorb/UnB/5º_semestre/OAC/OAC-lab/Lab5/Pipeline_RV32Red_restored/de1_data.mif Line: 1
Critical Warning (127004): Memory depth (1024) in the design file differs from memory depth (32768) in the Memory Initialization File "/home/leorb/UnB/5º_semestre/OAC/OAC-lab/Lab5/Pipeline_RV32Red_restored/de1_data.mif" -- truncated remaining initial content value to fit RAM
Info (39024): Processed the following Memory Initialization File(s)
    Info (39025): Processed Memory Initialization File /home/leorb/UnB/5º_semestre/OAC/OAC-lab/Lab5/Pipeline_RV32Red_restored/de1_data.mif File: /home/leorb/UnB/5º_semestre/OAC/OAC-lab/Lab5/Pipeline_RV32Red_restored/de1_data.mif Line: 0
    Info (39025): Processed Memory Initialization File /home/leorb/UnB/5º_semestre/OAC/OAC-lab/Lab5/Pipeline_RV32Red_restored/de1_text.mif File: /home/leorb/UnB/5º_semestre/OAC/OAC-lab/Lab5/Pipeline_RV32Red_restored/de1_text.mif Line: 0
Info: Quartus Prime MIF/HEX Update was successful. 0 errors, 7 warnings
    Info: Peak virtual memory: 794 megabytes
    Info: Processing ended: Thu Jul 20 20:03:28 2023
    Info: Elapsed time: 00:00:01
    Info: Total CPU time (on all processors): 00:00:01


